
                                                                             Alyssa <3, Assignment #4

                                     Employee Salary Report                                   Page 1

 Emp Num    Emp Name      Years   Positions   Present Salary   Increase   Pay Increase    New Salary

   030    ALLDREN RUTH     21      ANALYST       20,200.00      13.8%      $2,787.60+  $   22,987.60
   004    ACHER WILLIAM     1                     7,260.05                     $0.00+  $    7,260.05
   730    REEDE OWEN        9      SEN PROG       5,550.10      10.3%        $571.66+  $    6,121.76
   409    ICK MICK         25      ANALYST       99,999.99      13.8%     $13,800.00+  $  113,799.99
   111    CARTOLER VIOLET   2                     9,980.07                     $0.00+  $    9,980.07
   590    NEIL CLARENCE     7      JR PROG          650.09       4.2%         $27.30+  $      677.39
   105    BOYLE RALPH       8      JR PROG       80,440.14       4.2%      $3,378.49+  $   83,818.63
   801    SCHEIBER HARRY    1                    10,000.00                     $0.00+  $   10,000.00
   487    KING MILDRED     18      PROG           9,199.63       7.7%        $708.37+  $    9,908.00
   956    WANGLEY THEO      1                     9,999.91                     $0.00+  $    9,999.91

 EMPLOYEE CLASS:      Analysts   Senior Programmer   Programmer   Junior Programmer  Unclassified
 # ON THIS PAGE:         02              01              01              02                04
1


                                     Employee Salary Report                                   Page 2

 Emp Num    Emp Name      Years   Positions   Present Salary   Increase   Pay Increase    New Salary
   317    HANBEE ALETA      3      PROG          50,000.03       7.7%      $3,850.00+  $   53,850.03
   318    HANEY CAROL       9      SEN PROG      50,000.14      10.3%      $5,150.01+  $   55,150.15
   027    ALHOUER ELAINE    1                    25,730.02                     $0.00+  $   25,730.02
   100    BATES TONY        8      JR PROG       10,660.20       4.2%        $447.73+  $   11,107.93
   102    BELLSLEY ART      8      SEN PROG      30,000.09      10.3%      $3,090.01+  $   33,090.10
   282    ESTABAN JUAN     19      ANALYST       40,550.00      13.8%      $5,595.90+  $   46,145.90
   322    HARLETON JEAN     7      JR PROG        8,990.12       4.2%        $377.59+  $    9,367.71
   310    GORMALLY MARIE    3                    30,220.06                     $0.00+  $   30,220.06
   921    ULL GEORGE       18      PROG          22,988.51       7.7%      $1,770.12+  $   24,758.63
   179    DAMSON ERIC       3      PROG          25,020.18       7.7%      $1,926.55+  $   26,946.73

 EMPLOYEE CLASS:      Analysts   Senior Programmer   Programmer   Junior Programmer  Unclassified
 # ON THIS PAGE:         01              02              03              02                02
1


                                     Employee Salary Report                                   Page 3

 Emp Num    Emp Name      Years   Positions   Present Salary   Increase   Pay Increase    New Salary
   185    DONNEMAN THOMAS   6      PROG           4,230.09       7.7%        $325.72+  $    4,555.81
   568    LYNNF GERALD      9      JR PROG       44,870.13       4.2%      $1,884.55+  $   46,754.68
   999    BAKER RON         3      PROG          30,000.14       7.7%      $2,310.01+  $   32,310.15
   215    EDSON WILBUR      6      JR PROG       70,500.08       4.2%      $2,961.00+  $   73,461.08
   607    ODELLE NICK      10      JR PROG       25,070.18       4.2%      $1,052.95+  $   26,123.13
   171    COSTA NAN        15      PROG           3,560.05       7.7%        $274.12+  $    3,834.17
   122    CENNA DICK        3                    57,770.04                     $0.00+  $   57,770.04
   181    DELBERT EDWARD   12      SEN PROG       6,590.13      10.3%        $678.78+  $    7,268.91
   311    GROLER GRACE     23      PROG           6,430.20       7.7%        $495.13+  $    6,925.33
   825    TILLMAN DON      12      PROG           4,440.19       7.7%        $341.89+  $    4,782.08

 EMPLOYEE CLASS:      Analysts   Senior Programmer   Programmer   Junior Programmer  Unclassified
 # ON THIS PAGE:         00              01              05              03                01
1


                                     Employee Salary Report                                   Page 4

 Emp Num    Emp Name      Years   Positions   Present Salary   Increase   Pay Increase    New Salary
   325    HATFIELD MARK     1                    11,220.02                     $0.00+  $   11,220.02
   214    EDMONSON RICK     2                    10,000.00                     $0.00+  $   10,000.00
   332    HELD ANNA         2                    40,000.02                     $0.00+  $   40,000.02
   689    OWNEY REED        4                    31,746.03                     $0.00+  $   31,746.03
   834    TRAWLEY HARRIS    5      JR PROG       73,260.05       4.2%      $3,076.92+  $   76,336.97
   802    SHEA MICHAEL      6      PROG          20,330.08       7.7%      $1,565.42+  $   21,895.50
   505    LAMBERT JERRY     1                    40,010.04                     $0.00+  $   40,010.04
   806    STOCKTON NORMAN   6      PROG          25,070.07       7.7%      $1,930.40+  $   27,000.47
   207    EBERHARDT RON     5      PROG          40,070.09       7.7%      $3,085.40+  $   43,155.49
   315    HALE ALAN        12      PROG          40,000.16       7.7%      $3,080.01+  $   43,080.17

 EMPLOYEE CLASS:      Analysts   Senior Programmer   Programmer   Junior Programmer  Unclassified
 # ON THIS PAGE:         00              00              04              01                05
1


                                     Employee Salary Report                                   Page 5

 Emp Num    Emp Name      Years   Positions   Present Salary   Increase   Pay Increase    New Salary
   739    RIDEL ROBERT      5      JR PROG        1,940.08       4.2%         $81.48+  $    2,021.56
   308    GLEASON JAMES     1                    50,000.03                     $0.00+  $   50,000.03
   909    UDSON DORIS       1                    44,990.03                     $0.00+  $   44,990.03
   292    EVERLEY DONNA     3      PROG          20,000.17       7.7%      $1,540.01+  $   21,540.18

 EMPLOYEE CLASS:      Analysts   Senior Programmer   Programmer   Junior Programmer  Unclassified
 # ON THIS PAGE:         00              00              01              01                02

 AVERAGE INCREASE:   ANALYSTS: 7,394.50 SENIOR PROG: 2,372.62  PROG: 1,657.37  JUNIOR PROG: 1,476.45