 Output Date:250414                                                        Alyssa <3, Assignment #9
                                        Returns Report                                     Page  01

    Transaction   Payment   Store     Invoice        Product        Transaction     Tax
        Code       Type       #          #            Code            Amount      Amount

         R          CR        01    BD-500102    FLW8H4FW8H4FWF4                   $3.24
         R          CR        01    BC-200102    FLW8H4FW8H4FWF4                   $3.24
         R          DB        01    EB-230107    WI8HRW8H43FJSHF                   $3.89
         R          CR        01    EA-260110    WI8HRW8H43FJSHF                  $11.69
         R          CR        02    AE-390102    FLW8H4FW8H4FWF4                   $3.24
         R          CA        02    CE-510035    SDFSKJ84MS09123                   $3.89
         R          CA        02    EA-560215    SDFSKJ84MS09123                   $2.60
         R          CR        02    AE-630202    FLW8H4FW8H4FWF4                   $3.24
         R          CR        02    CD-740322    F4WO8JFO8W4JFW8                  $16.24
         R          CR        04    BE-101510    WI8HRW8H43FJSHF                  $11.69
         R          CA        04    DC-107515    SDFSKJ84MS09123                   $2.60
         R          CR        05    DC-114502    FLW8H4FW8H4FWF4                   $3.24
         R          CA        12    EC-126635    SDFSKJ84MS09123                   $3.89
         R          CR        12    AC-130612    ASEDRFT987KIMYT                   $3.24
         R          CR        12    CB-138602    FLW8H4FW8H4FWF4                   $3.24

***********************************************RETURNS RECORDS**************************************
   Descriptions  | Returns |   Returns  |      |   Return |   Return    |    Return     |
 & Store Numbers |  Count  | $ Amount $ |      |   Count  | Grand Total | $ Tax Total $ |

    Store #  1       4        $169.96               15       $609.87        $ 79.17
    Store #  2       5        $224.96
    Store #  3       0        $ 00.00
    Store #  4       2        $109.99
    Store #  5       1        $ 24.99
    Store #  12      3        $ 79.97
